<?xml version="1.0" encoding="UTF-8"?>
<testsuite name="EstudianteTest" tests="2" skipped="0" failures="0" errors="0" timestamp="2018-09-28T09:10:42" hostname="hpWin" time="0.004">
  <properties/>
  <testcase name="verifyApp" classname="EstudianteTest" time="0.003"/>
  <testcase name="verifyTheAgeMethod" classname="EstudianteTest" time="0.0"/>
  <system-out><![CDATA[]]></system-out>
  <system-err><![CDATA[]]></system-err>
</testsuite>
